<?xml version="1.0" encoding="UTF-8"?>
<!-- Generated by org.testng.reporters.JUnitXMLReporter -->
<testsuite hostname="Naveen" name="Test" tests="4" failures="1" timestamp="26 Aug 2021 03:30:33 GMT" time="91.72" errors="0">
  <testcase name="Register" time="19.383" classname="selenium.Practice"/>
  <testcase name="InvalidUserlogin" time="9.303" classname="selenium.Practice"/>
  <testcase name="ProductPagesize" time="24.906" classname="selenium.Practice"/>
  <testcase name="SearchValue" time="10.004" classname="selenium.Practice">
    <failure type="org.testng.internal.thread.ThreadTimeoutException" message="Method org.testng.internal.TestNGMethod.SearchValue() didn&amp;apos;t finish within the time-out 10000">
      <![CDATA[org.testng.internal.thread.ThreadTimeoutException: Method org.testng.internal.TestNGMethod.SearchValue() didn't finish within the time-out 10000
	at java.lang.Thread.interrupt(Thread.java:919)
	at java.util.concurrent.Executors$RunnableAdapter.call(Executors.java:511)
	at java.util.concurrent.FutureTask.run(FutureTask.java:266)
	at java.util.concurrent.ThreadPoolExecutor.runWorker(ThreadPoolExecutor.java:1149)
	at java.util.concurrent.ThreadPoolExecutor$Worker.run(ThreadPoolExecutor.java:624)
	at java.lang.Thread.run(Thread.java:748)
... Removed 2 stack frames]]>
    </failure>
  </testcase> <!-- SearchValue -->
</testsuite> <!-- Test -->
