<?xml version="1.0" encoding="UTF-8"?>
<testsuite name="TestSuite" time="63.603" tests="4" errors="0" skipped="0" failures="1">
  <properties>
[...]
</properties>
  <testcase name="Register" classname="selenium.Practice" time="19.382"/>
  <testcase name="InvalidUserlogin" classname="selenium.Practice" time="9.303"/>
  <testcase name="ProductPagesize" classname="selenium.Practice" time="24.906"/>
  <testcase name="SearchValue" classname="selenium.Practice" time="10.012">
    <failure message="Method org.testng.internal.TestNGMethod.SearchValue() didn&apos;t finish within the time-out 10000" type="org.testng.internal.thread.ThreadTimeoutException">org.testng.internal.thread.ThreadTimeoutException: Method org.testng.internal.TestNGMethod.SearchValue() didn't finish within the time-out 10000
	at java.lang.Thread.interrupt(Thread.java:919)
	at org.testng.internal.InvokeMethodRunnable.runOne(InvokeMethodRunnable.java:55)
	at org.testng.internal.InvokeMethodRunnable.run(InvokeMethodRunnable.java:37)
	at java.util.concurrent.Executors$RunnableAdapter.call(Executors.java:511)
	at java.util.concurrent.FutureTask.run(FutureTask.java:266)
	at java.util.concurrent.ThreadPoolExecutor.runWorker(ThreadPoolExecutor.java:1149)
	at java.util.concurrent.ThreadPoolExecutor$Worker.run(ThreadPoolExecutor.java:624)
	at java.lang.Thread.run(Thread.java:748)
</failure>
    <system-err>Starting ChromeDriver 92.0.4515.107 (87a818b10553a07434ea9e2b6dccf3cbe7895134-refs/branch-heads/4515@{#1634}) on port 13202
Only local connections are allowed.
Please see https://chromedriver.chromium.org/security-considerations for suggestions on keeping ChromeDriver safe.
ChromeDriver was started successfully.
Aug 26, 2021 1:30:17 PM org.openqa.selenium.remote.ProtocolHandshake createSession
INFO: Detected dialect: W3C
</system-err>
  </testcase>
</testsuite>