<?xml version="1.0" encoding="UTF-8"?>
<testng-results skipped="0" failed="1" total="4" passed="3">
  <reporter-output>
  </reporter-output>
  <suite name="Suite" duration-ms="91720" started-at="2021-08-26T03:29:01Z" finished-at="2021-08-26T03:30:32Z">
    <groups>
    </groups>
    <test name="Test" duration-ms="91720" started-at="2021-08-26T03:29:01Z" finished-at="2021-08-26T03:30:32Z">
      <class name="selenium.Practice">
        <test-method status="PASS" signature="browser()[pri:0, instance:selenium.Practice@7f63425a]" name="browser" is-config="true" duration-ms="9403" started-at="2021-08-26T13:29:01Z" finished-at="2021-08-26T13:29:10Z">
          <reporter-output>
          </reporter-output>
        </test-method> <!-- browser -->
        <test-method status="PASS" signature="Register()[pri:0, instance:selenium.Practice@7f63425a]" name="Register" duration-ms="19383" started-at="2021-08-26T13:29:10Z" finished-at="2021-08-26T13:29:30Z">
          <reporter-output>
          </reporter-output>
        </test-method> <!-- Register -->
        <test-method status="PASS" signature="CloseBrowser()[pri:0, instance:selenium.Practice@7f63425a]" name="CloseBrowser" is-config="true" duration-ms="53" started-at="2021-08-26T13:29:30Z" finished-at="2021-08-26T13:29:30Z">
          <reporter-output>
          </reporter-output>
        </test-method> <!-- CloseBrowser -->
        <test-method status="PASS" signature="browser()[pri:0, instance:selenium.Practice@7f63425a]" name="browser" is-config="true" duration-ms="5496" started-at="2021-08-26T13:29:30Z" finished-at="2021-08-26T13:29:35Z">
          <reporter-output>
          </reporter-output>
        </test-method> <!-- browser -->
        <test-method status="PASS" signature="InvalidUserlogin()[pri:0, instance:selenium.Practice@7f63425a]" name="InvalidUserlogin" duration-ms="9303" started-at="2021-08-26T13:29:35Z" finished-at="2021-08-26T13:29:44Z">
          <reporter-output>
          </reporter-output>
        </test-method> <!-- InvalidUserlogin -->
        <test-method status="PASS" signature="CloseBrowser()[pri:0, instance:selenium.Practice@7f63425a]" name="CloseBrowser" is-config="true" duration-ms="58" started-at="2021-08-26T13:29:44Z" finished-at="2021-08-26T13:29:44Z">
          <reporter-output>
          </reporter-output>
        </test-method> <!-- CloseBrowser -->
        <test-method status="PASS" signature="browser()[pri:0, instance:selenium.Practice@7f63425a]" name="browser" is-config="true" duration-ms="6209" started-at="2021-08-26T13:29:44Z" finished-at="2021-08-26T13:29:51Z">
          <reporter-output>
          </reporter-output>
        </test-method> <!-- browser -->
        <test-method status="PASS" signature="ProductPagesize()[pri:0, instance:selenium.Practice@7f63425a]" name="ProductPagesize" duration-ms="24906" started-at="2021-08-26T13:29:51Z" finished-at="2021-08-26T13:30:16Z">
          <reporter-output>
          </reporter-output>
        </test-method> <!-- ProductPagesize -->
        <test-method status="PASS" signature="CloseBrowser()[pri:0, instance:selenium.Practice@7f63425a]" name="CloseBrowser" is-config="true" duration-ms="48" started-at="2021-08-26T13:30:16Z" finished-at="2021-08-26T13:30:16Z">
          <reporter-output>
          </reporter-output>
        </test-method> <!-- CloseBrowser -->
        <test-method status="PASS" signature="browser()[pri:0, instance:selenium.Practice@7f63425a]" name="browser" is-config="true" duration-ms="6776" started-at="2021-08-26T13:30:16Z" finished-at="2021-08-26T13:30:22Z">
          <reporter-output>
          </reporter-output>
        </test-method> <!-- browser -->
        <test-method status="FAIL" signature="SearchValue()[pri:0, instance:selenium.Practice@7f63425a]" name="SearchValue" duration-ms="10004" started-at="2021-08-26T13:30:22Z" finished-at="2021-08-26T13:30:32Z">
          <exception class="org.testng.internal.thread.ThreadTimeoutException">
            <message>
              <![CDATA[Method org.testng.internal.TestNGMethod.SearchValue() didn't finish within the time-out 10000]]>
            </message>
            <full-stacktrace>
              <![CDATA[org.testng.internal.thread.ThreadTimeoutException: Method org.testng.internal.TestNGMethod.SearchValue() didn't finish within the time-out 10000
	at java.lang.Thread.interrupt(Thread.java:919)
	at org.testng.internal.InvokeMethodRunnable.runOne(InvokeMethodRunnable.java:55)
	at org.testng.internal.InvokeMethodRunnable.run(InvokeMethodRunnable.java:37)
	at java.util.concurrent.Executors$RunnableAdapter.call(Executors.java:511)
	at java.util.concurrent.FutureTask.run(FutureTask.java:266)
	at java.util.concurrent.ThreadPoolExecutor.runWorker(ThreadPoolExecutor.java:1149)
	at java.util.concurrent.ThreadPoolExecutor$Worker.run(ThreadPoolExecutor.java:624)
	at java.lang.Thread.run(Thread.java:748)
]]>
            </full-stacktrace>
          </exception> <!-- org.testng.internal.thread.ThreadTimeoutException -->
          <reporter-output>
          </reporter-output>
        </test-method> <!-- SearchValue -->
        <test-method status="PASS" signature="CloseBrowser()[pri:0, instance:selenium.Practice@7f63425a]" name="CloseBrowser" is-config="true" duration-ms="56" started-at="2021-08-26T13:30:32Z" finished-at="2021-08-26T13:30:32Z">
          <reporter-output>
          </reporter-output>
        </test-method> <!-- CloseBrowser -->
      </class> <!-- selenium.Practice -->
    </test> <!-- Test -->
  </suite> <!-- Suite -->
</testng-results>
